<?xml version="1.0" encoding="UTF-8"?>
<!-- Generated by org.testng.reporters.JUnitXMLReporter -->
<testsuite hostname="Shahin-PC" name="Test maven testing" tests="8" failures="0" timestamp="13 Sep 2019 05:08:40 GMT" time="0.062" errors="0">
  <testcase name="div" time="0.0" classname="com.pa.tests.DemoTest"/>
  <testcase name="multi" time="0.016" classname="com.pa.tests.DemoTest"/>
  <testcase name="sub" time="0.0" classname="com.pa.tests.DemoTest"/>
  <testcase name="sum" time="0.0" classname="com.pa.tests.DemoTest"/>
  <testcase name="div" time="0.016" classname="com.pa.tests.DemoTest1"/>
  <testcase name="multi" time="0.015" classname="com.pa.tests.DemoTest1"/>
  <testcase name="sub" time="0.0" classname="com.pa.tests.DemoTest1"/>
  <testcase name="sum" time="0.0" classname="com.pa.tests.DemoTest1"/>
</testsuite> <!-- Test maven testing -->
