<?xml version="1.0" encoding="UTF-8"?>
<!-- Generated by org.testng.reporters.JUnitXMLReporter -->
<testsuite hostname="Shahin-PC" name="Default test" tests="4" failures="0" timestamp="12 Sep 2019 06:47:21 GMT" time="0.032" errors="0">
  <testcase name="div" time="0.016" classname="com.pa.tests.DemoTest"/>
  <testcase name="multi" time="0.0" classname="com.pa.tests.DemoTest"/>
  <testcase name="sub" time="0.0" classname="com.pa.tests.DemoTest"/>
  <testcase name="sum" time="0.0" classname="com.pa.tests.DemoTest"/>
</testsuite> <!-- Default test -->
