<?xml version="1.0" encoding="UTF-8"?>
<testng-results skipped="0" failed="0" total="8" passed="8">
  <reporter-output>
  </reporter-output>
  <suite name="Testng Demo Test Automation Suite" duration-ms="62" started-at="2019-09-13T05:08:40Z" finished-at="2019-09-13T05:08:40Z">
    <groups>
    </groups>
    <test name="Test maven testing" duration-ms="62" started-at="2019-09-13T05:08:40Z" finished-at="2019-09-13T05:08:40Z">
      <class name="com.pa.tests.DemoTest">
        <test-method status="PASS" signature="div()[pri:0, instance:com.pa.tests.DemoTest@3c756e4d]" name="div" duration-ms="0" started-at="2019-09-13T01:08:40Z" finished-at="2019-09-13T01:08:40Z">
          <reporter-output>
          </reporter-output>
        </test-method> <!-- div -->
        <test-method status="PASS" signature="multi()[pri:0, instance:com.pa.tests.DemoTest@3c756e4d]" name="multi" duration-ms="16" started-at="2019-09-13T01:08:40Z" finished-at="2019-09-13T01:08:40Z">
          <reporter-output>
          </reporter-output>
        </test-method> <!-- multi -->
        <test-method status="PASS" signature="sub()[pri:0, instance:com.pa.tests.DemoTest@3c756e4d]" name="sub" duration-ms="0" started-at="2019-09-13T01:08:40Z" finished-at="2019-09-13T01:08:40Z">
          <reporter-output>
          </reporter-output>
        </test-method> <!-- sub -->
        <test-method status="PASS" signature="sum()[pri:0, instance:com.pa.tests.DemoTest@3c756e4d]" name="sum" duration-ms="0" started-at="2019-09-13T01:08:40Z" finished-at="2019-09-13T01:08:40Z">
          <reporter-output>
          </reporter-output>
        </test-method> <!-- sum -->
      </class> <!-- com.pa.tests.DemoTest -->
      <class name="com.pa.tests.DemoTest1">
        <test-method status="PASS" signature="div()[pri:0, instance:com.pa.tests.DemoTest1@6cc4c815]" name="div" duration-ms="16" started-at="2019-09-13T01:08:40Z" finished-at="2019-09-13T01:08:40Z">
          <reporter-output>
          </reporter-output>
        </test-method> <!-- div -->
        <test-method status="PASS" signature="multi()[pri:0, instance:com.pa.tests.DemoTest1@6cc4c815]" name="multi" duration-ms="15" started-at="2019-09-13T01:08:40Z" finished-at="2019-09-13T01:08:40Z">
          <reporter-output>
          </reporter-output>
        </test-method> <!-- multi -->
        <test-method status="PASS" signature="sum()[pri:0, instance:com.pa.tests.DemoTest1@6cc4c815]" name="sum" duration-ms="0" started-at="2019-09-13T01:08:40Z" finished-at="2019-09-13T01:08:40Z">
          <reporter-output>
          </reporter-output>
        </test-method> <!-- sum -->
        <test-method status="PASS" signature="sub()[pri:0, instance:com.pa.tests.DemoTest1@6cc4c815]" name="sub" duration-ms="0" started-at="2019-09-13T01:08:40Z" finished-at="2019-09-13T01:08:40Z">
          <reporter-output>
          </reporter-output>
        </test-method> <!-- sub -->
      </class> <!-- com.pa.tests.DemoTest1 -->
    </test> <!-- Test maven testing -->
  </suite> <!-- Testng Demo Test Automation Suite -->
</testng-results>
